<?xml version="1.0" encoding="UTF-8"?>
<coverage generated="1615851610599" clover="3.2.0">
  <project timestamp="1615851610599" name="All files">
    <metrics statements="2" coveredstatements="2" conditionals="12" coveredconditionals="12" methods="1" coveredmethods="1" elements="15" coveredelements="15" complexity="0" loc="2" ncloc="2" packages="1" files="1" classes="1"/>
    <file name="Skeleton.vue" path="/Users/neiwad/dev/vue-skeleton/src/Skeleton.vue">
      <metrics statements="2" coveredstatements="2" conditionals="12" coveredconditionals="12" methods="1" coveredmethods="1"/>
      <line num="31" count="10" type="stmt"/>
      <line num="47" count="10" type="stmt"/>
    </file>
  </project>
</coverage>
